0 info it worked if it ends with ok
1 verbose cli [ 'C:\\Program Files\\nodejs\\node.exe',
1 verbose cli   'C:\\Program Files\\nodejs\\node_modules\\npm\\bin\\npm-cli.js',
1 verbose cli   'start' ]
2 info using npm@4.1.2
3 info using node@v7.6.0
4 verbose run-script [ 'prestart', 'start', 'poststart' ]
5 info lifecycle puppeteer-test@1.0.0~prestart: puppeteer-test@1.0.0
6 silly lifecycle puppeteer-test@1.0.0~prestart: no script for prestart, continuing
7 info lifecycle puppeteer-test@1.0.0~start: puppeteer-test@1.0.0
8 verbose lifecycle puppeteer-test@1.0.0~start: unsafe-perm in lifecycle true
9 verbose lifecycle puppeteer-test@1.0.0~start: PATH: C:\Program Files\nodejs\node_modules\npm\bin\node-gyp-bin;C:\Users\Administrator\Desktop\git\puppeteer-test\node_modules\.bin;C:\ImageMagick-7.0.6-Q16;c:\program files\graphicsmagick-1.3.26-q16;C:\Program Files\ImageMagick-7.0.6-Q16;C:\ProgramData\Oracle\Java\javapath;C:\Ruby22\bin;C:\Program Files (x86)\Intel\iCLS Client\;C:\Program Files\Intel\iCLS Client\;C:\Windows\system32;C:\Windows;C:\Windows\System32\Wbem;C:\Windows\System32\WindowsPowerShell\v1.0\;C:\Program Files\Intel\Intel(R) Management Engine Components\DAL;C:\Program Files\Intel\Intel(R) Management Engine Components\IPT;C:\Program Files (x86)\Intel\Intel(R) Management Engine Components\DAL;C:\Program Files (x86)\Intel\Intel(R) Management Engine Components\IPT;C:\Program Files\nodejs\;C:\Program Files (x86)\NVIDIA Corporation\PhysX\Common;C:\Users\Administrator\Desktop\nginx-1.12.1;C:\Program Files (x86)\Yarn\bin\;C:\Users\Administrator\AppData\Local\Programs\Python\Python36\Scripts\;C:\Users\Administrator\AppData\Local\Programs\Python\Python36\;C:\Users\Administrator\Desktop\NodeModules;C:\Users\Administrator\AppData\Local\.meteor\;C:\Users\Administrator\AppData\Local\Android\sdk\platform-tools;C:\Users\Administrator\Desktop\NodeModules;C:\Users\Administrator\AppData\Local\.meteor\;C:\Users\Administrator\AppData\Local\Android\sdk;C:\Program Files (x86)\GPAC;C:\Program Files (x86)\GPAC;C:\Program Files (x86)\GPAC;C:\Users\Administrator\AppData\Roaming\npm;C:\ImageMagick-7.0.6-Q16;C:\Program Files\Microsoft VS Code\bin;C:\Users\Administrator\AppData\Local\Yarn\bin
10 verbose lifecycle puppeteer-test@1.0.0~start: CWD: C:\Users\Administrator\Desktop\git\puppeteer-test
11 silly lifecycle puppeteer-test@1.0.0~start: Args: [ '/d /s /c', 'webpack-dev-server --config webpack-dev.js' ]
12 silly lifecycle puppeteer-test@1.0.0~start: Returned: code: 3221225786  signal: null
13 info lifecycle puppeteer-test@1.0.0~start: Failed to exec start script
14 verbose stack Error: puppeteer-test@1.0.0 start: `webpack-dev-server --config webpack-dev.js`
14 verbose stack Exit status 3221225786
14 verbose stack     at EventEmitter.<anonymous> (C:\Program Files\nodejs\node_modules\npm\lib\utils\lifecycle.js:279:16)
14 verbose stack     at emitTwo (events.js:106:13)
14 verbose stack     at EventEmitter.emit (events.js:192:7)
14 verbose stack     at ChildProcess.<anonymous> (C:\Program Files\nodejs\node_modules\npm\lib\utils\spawn.js:40:14)
14 verbose stack     at emitTwo (events.js:106:13)
14 verbose stack     at ChildProcess.emit (events.js:192:7)
14 verbose stack     at maybeClose (internal/child_process.js:890:16)
14 verbose stack     at Process.ChildProcess._handle.onexit (internal/child_process.js:226:5)
15 verbose pkgid puppeteer-test@1.0.0
16 verbose cwd C:\Users\Administrator\Desktop\git\puppeteer-test
17 error Windows_NT 6.1.7601
18 error argv "C:\\Program Files\\nodejs\\node.exe" "C:\\Program Files\\nodejs\\node_modules\\npm\\bin\\npm-cli.js" "start"
19 error node v7.6.0
20 error npm  v4.1.2
21 error code ELIFECYCLE
22 error puppeteer-test@1.0.0 start: `webpack-dev-server --config webpack-dev.js`
22 error Exit status 3221225786
23 error Failed at the puppeteer-test@1.0.0 start script 'webpack-dev-server --config webpack-dev.js'.
23 error Make sure you have the latest version of node.js and npm installed.
23 error If you do, this is most likely a problem with the puppeteer-test package,
23 error not with npm itself.
23 error Tell the author that this fails on your system:
23 error     webpack-dev-server --config webpack-dev.js
23 error You can get information on how to open an issue for this project with:
23 error     npm bugs puppeteer-test
23 error Or if that isn't available, you can get their info via:
23 error     npm owner ls puppeteer-test
23 error There is likely additional logging output above.
24 verbose exit [ 1, true ]
