Arguments: 
  C:\Program Files\nodejs\node.exe C:\Program Files (x86)\Yarn\bin\yarn.js add react

PATH: 
  C:\Users\Administrator\bin;C:\Program Files\Git\mingw64\bin;C:\Program Files\Git\usr\local\bin;C:\Program Files\Git\usr\bin;C:\Program Files\Git\usr\bin;C:\Program Files\Git\mingw64\bin;C:\Program Files\Git\usr\bin;C:\Users\Administrator\bin;C:\ImageMagick-7.0.6-Q16;C:\program files\graphicsmagick-1.3.26-q16;C:\Program Files\ImageMagick-7.0.6-Q16;C:\ProgramData\Oracle\Java\javapath;C:\Ruby22\bin;C:\Program Files (x86)\Intel\iCLS Client;C:\Program Files\Intel\iCLS Client;C:\Windows\system32;C:\Windows;C:\Windows\System32\Wbem;C:\Windows\System32\WindowsPowerShell\v1.0;C:\Program Files\Intel\Intel(R) Management Engine Components\DAL;C:\Program Files\Intel\Intel(R) Management Engine Components\IPT;C:\Program Files (x86)\Intel\Intel(R) Management Engine Components\DAL;C:\Program Files (x86)\Intel\Intel(R) Management Engine Components\IPT;C:\Program Files (x86)\NVIDIA Corporation\PhysX\Common;C:\Users\Administrator\Desktop\nginx-1.12.1;C:\Program Files (x86)\Yarn\bin;C:\Program Files\nodejs;C:\Users\Administrator\AppData\Local\Programs\Python\Python36\Scripts;C:\Users\Administrator\AppData\Local\Programs\Python\Python36;C:\Users\Administrator\Desktop\NodeModules;C:\Users\Administrator\AppData\Local\.meteor;C:\Users\Administrator\AppData\Local\Android\sdk\platform-tools;C:\Users\Administrator\Desktop\NodeModules;C:\Users\Administrator\AppData\Local\.meteor;C:\Users\Administrator\AppData\Local\Android\sdk;C:\Program Files (x86)\GPAC;C:\Program Files (x86)\GPAC;C:\Program Files (x86)\GPAC;C:\ImageMagick-7.0.6-Q16;C:\Program Files\Microsoft VS Code\bin;C:\Users\Administrator\AppData\Local\Yarn\bin;C:\Users\Administrator\AppData\Local\Android\sdk\tools;C:\Users\Administrator\AppData\Local\Android\sdk\platform-tools;C:\Users\Administrator\AppData\Roaming\npm;C:\Program Files\Git\usr\bin\vendor_perl;C:\Program Files\Git\usr\bin\core_perl

Yarn version: 
  1.5.1

Node version: 
  10.2.0

Platform: 
  win32 x64

npm manifest: 
  {
    "name": "puppeteer-test",
    "version": "1.0.0",
    "description": "",
    "main": "index.js",
    "scripts": {
      "test": "echo \"Error: no test specified\" && exit 1",
      "start": "webpack-dev-server --config webpack-dev.js",
      "build": "webpack --config webpack-build.js",
      "server": "supervisor -w ./server ./server/koa.js"
    },
    "devServer": {
      "host": "127.0.0.1",
      "port": 8123,
      "proxySev": "http://localhost:9988"
    },
    "author": "",
    "license": "ISC",
    "dependencies": {
      "antd": "^3.2.2",
      "axios": "^0.17.1",
      "babel-core": "^6.26.0",
      "babel-loader": "^7.1.2",
      "babel-preset-env": "^1.6.1",
      "copy-webpack-plugin": "^4.3.1",
      "css-loader": "^0.28.8",
      "file-loader": "^1.1.6",
      "html-webpack-plugin": "^2.30.1",
      "immutable": "^3.8.2",
      "jquery": "^3.3.1",
      "koa": "^2.5.0",
      "koa-body": "^2.5.0",
      "koa-bodyparser": "^4.2.0",
      "koa-multer": "^1.0.2",
      "koa-router": "^7.4.0",
      "mobx": "^3.4.1",
      "mobx-react": "^4.3.5",
      "node-sass": "^4.7.2",
      "popmotion": "^8.1.6",
      "react": "^16.3.0",
      "react-dom": "^16.2.0",
      "react-redux": "^5.0.6",
      "react-router-dom": "^4.2.2",
      "react-router-redux": "^4.0.8",
      "redux": "^3.7.2",
      "redux-thunk": "^2.2.0",
      "style-loader": "^0.19.1",
      "underscore": "^1.8.3",
      "url-loader": "^0.6.2",
      "vue": "^2.5.13",
      "vue-loader": "^14.0.3",
      "vue-router": "^3.0.1",
      "vue-template-compiler": "^2.5.13",
      "vuex": "^3.0.1",
      "webpack": "^3.10.0"
    },
    "devDependencies": {
      "babel-plugin-import": "^1.6.5",
      "babel-plugin-transform-class-properties": "^6.24.1",
      "babel-plugin-transform-decorators-legacy": "^1.3.4",
      "babel-plugin-transform-react-jsx": "^6.24.1",
      "babel-preset-env": "^1.6.1",
      "babel-preset-react": "^6.24.1",
      "babel-preset-stage-1": "^6.24.1",
      "jsx-loader": "^0.13.2",
      "prop-types": "^15.6.1",
      "supervisor": "^0.12.0",
      "webpack-dev-server": "^2.8.2"
    }
  }

yarn manifest: 
  No manifest

Lockfile: 
  No lockfile

Trace: 
  Error: C:\Users\Administrator\Desktop\git\puppeteer-test\node_modules\node-sass: Command failed.
  Exit code: 1
  Command: C:\Windows\system32\cmd.exe
  Arguments: /d /s /c node scripts/build.js
  Directory: C:\Users\Administrator\Desktop\git\puppeteer-test\node_modules\node-sass
  Output:
  Building: C:\Program Files\nodejs\node.exe C:\Users\Administrator\Desktop\git\puppeteer-test\node_modules\node-gyp\bin\node-gyp.js rebuild --verbose --libsass_ext= --libsass_cflags= --libsass_ldflags= --libsass_library=
  gyp info it worked if it ends with ok
  gyp verb cli [ 'C:\\Program Files\\nodejs\\node.exe',
  gyp verb cli   'C:\\Users\\Administrator\\Desktop\\git\\puppeteer-test\\node_modules\\node-gyp\\bin\\node-gyp.js',
  gyp verb cli   'rebuild',
  gyp verb cli   '--verbose',
  gyp verb cli   '--libsass_ext=',
  gyp verb cli   '--libsass_cflags=',
  gyp verb cli   '--libsass_ldflags=',
  gyp verb cli   '--libsass_library=' ]
  gyp info using node-gyp@3.6.2
  gyp info using node@10.2.0 | win32 | x64
  gyp verb command rebuild []
  gyp verb command clean []
  gyp verb clean removing "build" directory
  gyp verb command configure []
  gyp verb download using dist-url https://npm.taobao.org/dist
  gyp verb check python checking for Python executable "python2" in the PATH
  gyp verb `which` failed Error: not found: python2
  gyp verb `which` failed     at getNotFoundError (C:\Users\Administrator\Desktop\git\puppeteer-test\node_modules\which\which.js:13:12)
  gyp verb `which` failed     at F (C:\Users\Administrator\Desktop\git\puppeteer-test\node_modules\which\which.js:68:19)
  gyp verb `which` failed     at E (C:\Users\Administrator\Desktop\git\puppeteer-test\node_modules\which\which.js:80:29)
  gyp verb `which` failed     at C:\Users\Administrator\Desktop\git\puppeteer-test\node_modules\which\which.js:89:16
  gyp verb `which` failed     at C:\Users\Administrator\Desktop\git\puppeteer-test\node_modules\isexe\index.js:42:5
  gyp verb `which` failed     at C:\Users\Administrator\Desktop\git\puppeteer-test\node_modules\isexe\windows.js:36:5
  gyp verb `which` failed     at FSReqWrap.oncomplete (fs.js:182:21)
  gyp verb `which` failed  python2 { Error: not found: python2
  gyp verb `which` failed     at getNotFoundError (C:\Users\Administrator\Desktop\git\puppeteer-test\node_modules\which\which.js:13:12)
  gyp verb `which` failed     at F (C:\Users\Administrator\Desktop\git\puppeteer-test\node_modules\which\which.js:68:19)
  gyp verb `which` failed     at E (C:\Users\Administrator\Desktop\git\puppeteer-test\node_modules\which\which.js:80:29)
  gyp verb `which` failed     at C:\Users\Administrator\Desktop\git\puppeteer-test\node_modules\which\which.js:89:16
  gyp verb `which` failed     at C:\Users\Administrator\Desktop\git\puppeteer-test\node_modules\isexe\index.js:42:5
  gyp verb `which` failed     at C:\Users\Administrator\Desktop\git\puppeteer-test\node_modules\isexe\windows.js:36:5
  gyp verb `which` failed     at FSReqWrap.oncomplete (fs.js:182:21)
  gyp verb `which` failed   stack:
  gyp verb `which` failed    'Error: not found: python2\n    at getNotFoundError (C:\\Users\\Administrator\\Desktop\\git\\puppeteer-test\\node_modules\\which\\which.js:13:12)\n    at F (C:\\Users\\Administrator\\Desktop\\git\\puppeteer-test\\node_modules\\which\\which.js:68:19)\n    at E (C:\\Users\\Administrator\\Desktop\\git\\puppeteer-test\\node_modules\\which\\which.js:80:29)\n    at C:\\Users\\Administrator\\Desktop\\git\\puppeteer-test\\node_modules\\which\\which.js:89:16\n    at C:\\Users\\Administrator\\Desktop\\git\\puppeteer-test\\node_modules\\isexe\\index.js:42:5\n    at C:\\Users\\Administrator\\Desktop\\git\\puppeteer-test\\node_modules\\isexe\\windows.js:36:5\n    at FSReqWrap.oncomplete (fs.js:182:21)',
  gyp verb `which` failed   code: 'ENOENT' }
  gyp verb check python checking for Python executable "python" in the PATH
  gyp verb `which` succeeded python C:\Users\Administrator\AppData\Local\Programs\Python\Python36\python.EXE
  gyp verb check python version `C:\Users\Administrator\AppData\Local\Programs\Python\Python36\python.EXE -c "import platform; print(platform.python_version());"` returned: "3.6.0\r\n"
  gyp verb could not find "C:\Users\Administrator\AppData\Local\Programs\Python\Python36\python.EXE". checking python launcher 
  gyp verb could not find "C:\Users\Administrator\AppData\Local\Programs\Python\Python36\python.EXE". guessing location 
  gyp verb ensuring that file exists: C:\Python27\python.exe
  gyp ERR! configure error 
  gyp ERR! stack Error: Can't find Python executable "C:\Users\Administrator\AppData\Local\Programs\Python\Python36\python.EXE", you can set the PYTHON env variable.
  gyp ERR! stack     at PythonFinder.failNoPython (C:\Users\Administrator\Desktop\git\puppeteer-test\node_modules\node-gyp\lib\configure.js:483:19)
  gyp ERR! stack     at PythonFinder.<anonymous> (C:\Users\Administrator\Desktop\git\puppeteer-test\node_modules\node-gyp\lib\configure.js:508:16)
  gyp ERR! stack     at C:\Users\Administrator\Desktop\git\puppeteer-test\node_modules\graceful-fs\polyfills.js:284:29
  gyp ERR! stack     at FSReqWrap.oncomplete (fs.js:182:21)
  gyp ERR! System Windows_NT 6.1.7601
  gyp ERR! command "C:\\Program Files\\nodejs\\node.exe" "C:\\Users\\Administrator\\Desktop\\git\\puppeteer-test\\node_modules\\node-gyp\\bin\\node-gyp.js" "rebuild" "--verbose" "--libsass_ext=" "--libsass_cflags=" "--libsass_ldflags=" "--libsass_library="
  gyp ERR! cwd C:\Users\Administrator\Desktop\git\puppeteer-test\node_modules\node-sass
  gyp ERR! node -v v10.2.0
  gyp ERR! node-gyp -v v3.6.2
  gyp ERR! not ok 
  Build failed with error code: 1
      at ProcessTermError.MessageError (C:\Program Files (x86)\Yarn\lib\cli.js:186:110)
      at new ProcessTermError (C:\Program Files (x86)\Yarn\lib\cli.js:226:113)
      at ChildProcess.<anonymous> (C:\Program Files (x86)\Yarn\lib\cli.js:30281:17)
      at ChildProcess.emit (events.js:182:13)
      at maybeClose (internal/child_process.js:961:16)
      at Process.ChildProcess._handle.onexit (internal/child_process.js:248:5)
